<?xml version="1.0" encoding="UTF-8"?>
<!-- Generated by org.testng.reporters.JUnitXMLReporter -->
<testsuite hostname="dell-PC" name="Default test" tests="3" failures="1" timestamp="13 Oct 2019 13:59:42 GMT" time="66.903" errors="0">
  <testcase name="search_For_Web_Resources__Verify_When_User_Search_For_Particular_Topic_And_Hit_Submit_Search_Relavant_Articles_Populated_As_Search_Result" time="4.368" classname="testCases.YandexSearchTest">
    <failure type="java.lang.AssertionError" message="Test FAIL - When User Search For Particular Topic Relavant Articles not Populated expected [true] but found [false]">
      <![CDATA[java.lang.AssertionError: Test FAIL - When User Search For Particular Topic Relavant Articles not Populated expected [true] but found [false]
	at org.testng.Assert.fail(Assert.java:94)
	at org.testng.Assert.failNotEquals(Assert.java:513)
	at org.testng.Assert.assertTrue(Assert.java:42)
	at testCases.YandexSearchTest.search_For_Web_Resources__Verify_When_User_Search_For_Particular_Topic_And_Hit_Submit_Search_Relavant_Articles_Populated_As_Search_Result(YandexSearchTest.java:46)
	at sun.reflect.NativeMethodAccessorImpl.invoke0(Native Method)
	at sun.reflect.NativeMethodAccessorImpl.invoke(Unknown Source)
	at sun.reflect.DelegatingMethodAccessorImpl.invoke(Unknown Source)
	at java.lang.reflect.Method.invoke(Unknown Source)
	at org.testng.internal.MethodInvocationHelper.invokeMethod(MethodInvocationHelper.java:86)
	at org.testng.internal.Invoker.invokeMethod(Invoker.java:645)
	at org.testng.internal.Invoker.invokeTestMethod(Invoker.java:822)
	at org.testng.internal.Invoker.invokeTestMethods(Invoker.java:1130)
	at org.testng.internal.TestMethodWorker.invokeTestMethods(TestMethodWorker.java:129)
	at org.testng.internal.TestMethodWorker.run(TestMethodWorker.java:112)
	at org.testng.TestRunner.privateRun(TestRunner.java:782)
	at org.testng.TestRunner.run(TestRunner.java:632)
	at org.testng.SuiteRunner.runTest(SuiteRunner.java:366)
	at org.testng.SuiteRunner.runSequentially(SuiteRunner.java:361)
	at org.testng.SuiteRunner.privateRun(SuiteRunner.java:319)
	at org.testng.SuiteRunner.run(SuiteRunner.java:268)
	at org.testng.SuiteRunnerWorker.runSuite(SuiteRunnerWorker.java:52)
	at org.testng.SuiteRunnerWorker.run(SuiteRunnerWorker.java:86)
	at org.testng.TestNG.runSuitesSequentially(TestNG.java:1244)
	at org.testng.TestNG.runSuitesLocally(TestNG.java:1169)
	at org.testng.TestNG.run(TestNG.java:1064)
	at org.testng.remote.RemoteTestNG.run(RemoteTestNG.java:113)
	at org.testng.remote.RemoteTestNG.initAndRun(RemoteTestNG.java:206)
	at org.testng.remote.RemoteTestNG.main(RemoteTestNG.java:177)
]]>
    </failure>
  </testcase> <!-- search_For_Web_Resources__Verify_When_User_Search_For_Particular_Topic_And_Hit_Submit_Search_Relavant_Articles_Populated_As_Search_Result -->
  <testcase name="help_With_Input__Verify_When_User_Search_For_Particular_Topic_Autosuggestion_Starting_From_Same_Letters_Starts_Appearing" time="1.63" classname="testCases.YandexSearchTest"/>
  <testcase name="help_With_Input__Verify_User_Is_Able_To_Provide_SearchCriteria_with_Onscreen_Keyboard_And_Relvant_SearchResult_Appear" time="6.415" classname="testCases.YandexSearchTest"/>
</testsuite> <!-- Default test -->
